[jerecodelacruz.wixsite.com/portfolio.html]
[static.parastorage.com/unpkg/core-js-bundle@3.2.1/minified.js]
[static.parastorage.com/unpkg/focus-within-polyfill@5.0.9/dist/focus-within-polyfill.js]
[backblue.gif]
[fade.gif]
[index.html]
[jerecodelacruz.wixsite.com/c.4.delayed]
[jerecodelacruz.wixsite.com/t.5.delayed]
[polyfill-fastly.io/v3/polyfill.mind82c.js]
[jerecodelacruz.wixsite.com/index.html]
[jerecodelacruz.wixsite.com/portfolio/copy-of-axie-floating-energy-counter.html]
[jerecodelacruz.wixsite.com/portfolio/ayos.html]
[jerecodelacruz.wixsite.com/portfolio/arcus.html]
[jerecodelacruz.wixsite.com/portfolio/axie-floating-energy-counter.html]
[jerecodelacruz.wixsite.com/portfolio/perya-games-1.html]
[jerecodelacruz.wixsite.com/portfolio/ace-up.html]
[jerecodelacruz.wixsite.com/portfolio/artillery-simulator.html]
[jerecodelacruz.wixsite.com/portfolio/first-aid-simulator.html]
[jerecodelacruz.wixsite.com/portfolio/project-hope.html]
[jerecodelacruz.wixsite.com/portfolio/junior-clearning.html]
[jerecodelacruz.wixsite.com/portfolio/memory-lamp.html]
[jerecodelacruz.wixsite.com/portfolio/times-three-dash.html]
[jerecodelacruz.wixsite.com/portfolio/bottle-cap-challenge.html]
[jerecodelacruz.wixsite.com/portfolio/flash-reality.html]
[jerecodelacruz.wixsite.com/portfolio/gender-circles.html]
[jerecodelacruz.wixsite.com/portfolio/pedal-race.html]
[jerecodelacruz.wixsite.com/portfolio/jurassic-run.html]
[jerecodelacruz.wixsite.com/portfolio/traffic-rush.html]
[jerecodelacruz.wixsite.com/portfolio/sounds-spelling.html]
[jerecodelacruz.wixsite.com/portfolio/about.html]
[static.wixstatic.com/media/48dad3_2dcbf3d022b84ea598653f5e9719e693f000.jpg/v1/fill/w_107,h_107,al_c,q_80,usm_0.66_1.00_0.01,blur_2/48dad3_2dcbf3d022b84ea598653f5e9719e693f000.jpg]
[jerecodelacruz.wixsite.com/media/emptystate.85a4add5.1b.delayed]
[static.wixstatic.com/media/48dad3_8486a33efcd34504adae30a7992c0005_mv2.jpg/v1/fill/w_1,h_1,fp_0.63_0.47,q_90/48dad3_8486a33efcd34504adae30a7992c0005_mv2.jpg]
[static.wixstatic.com/media/48dad3_8486a33efcd34504adae30a7992c0005_mv2.jpg/v1/fill/w_480,h_640,fp_0.63_0.47,q_90/48dad3_8486a33efcd34504adae30a7992c0005_mv2.jpg]
[static.wixstatic.com/media/48dad3_b6a981d688cb4962a0537d63f798c34d_mv2.png/v1/fill/w_379,h_507,fp_0.54_0.36,q_90/48dad3_b6a981d688cb4962a0537d63f798c34d_mv2.png]
[static.wixstatic.com/media/48dad3_19f1c1e59fed4e908e18849612c998ae_mv2.jpg/v1/fill/w_1,h_1,fp_0.54_0.32,q_90/48dad3_19f1c1e59fed4e908e18849612c998ae_mv2.jpg]
[static.wixstatic.com/media/48dad3_19f1c1e59fed4e908e18849612c998ae_mv2.jpg/v1/fill/w_480,h_640,fp_0.54_0.32,q_90/48dad3_19f1c1e59fed4e908e18849612c998ae_mv2.jpg]
[static.wixstatic.com/media/48dad3_28deb978838f419983958e26abfbc92c_mv2.jpg/v1/fill/w_1,h_1,fp_0.53_0.49,q_90/48dad3_28deb978838f419983958e26abfbc92c_mv2.jpg]
[static.wixstatic.com/media/48dad3_28deb978838f419983958e26abfbc92c_mv2.jpg/v1/fill/w_480,h_641,fp_0.53_0.49,q_90/48dad3_28deb978838f419983958e26abfbc92c_mv2.jpg]
[static.wixstatic.com/media/48dad3_d47bfc5b27cf48fc9ee4dc1b530a0c2e_mv2.png/v1/fit/w_309,h_430,q_90/48dad3_d47bfc5b27cf48fc9ee4dc1b530a0c2e_mv2.png]
[static.wixstatic.com/media/48dad3_a6739e0e9f4447bfb63da263da3d8f38_mv2.jpg/v1/fill/w_1,h_1,fp_0.42_0.59,q_90/48dad3_a6739e0e9f4447bfb63da263da3d8f38_mv2.jpg]
[static.wixstatic.com/media/48dad3_a6739e0e9f4447bfb63da263da3d8f38_mv2.jpg/v1/fill/w_480,h_641,fp_0.42_0.59,q_90/48dad3_a6739e0e9f4447bfb63da263da3d8f38_mv2.jpg]
[static.wixstatic.com/media/48dad3_e067df9d6359425c9677db73a42808c9_mv2.png/v1/fill/w_480,h_640,fp_0.47_0.44,q_90/48dad3_e067df9d6359425c9677db73a42808c9_mv2.png]
[static.wixstatic.com/media/48dad3_6348e121bdc34de4bfcba7aa90990b5d_mv2.png/v1/fill/w_480,h_641,fp_0.54_0.49,q_90/48dad3_6348e121bdc34de4bfcba7aa90990b5d_mv2.png]
[static.wixstatic.com/media/48dad3_9dea3d2a1bca4f119a989bc1302d22f0_mv2.jpg/v1/fill/w_1,h_1,fp_0.5_0.42,q_90/48dad3_9dea3d2a1bca4f119a989bc1302d22f0_mv2.jpg]
[static.wixstatic.com/media/48dad3_9dea3d2a1bca4f119a989bc1302d22f0_mv2.jpg/v1/fill/w_480,h_640,fp_0.5_0.42,q_90/48dad3_9dea3d2a1bca4f119a989bc1302d22f0_mv2.jpg]
[static.wixstatic.com/media/48dad3_19e8e1cd53c74ae5bd467e677c390b17_mv2.jpg/v1/fill/w_1,h_1,fp_0.5_0.49,q_90/48dad3_19e8e1cd53c74ae5bd467e677c390b17_mv2.jpg]
[static.wixstatic.com/media/48dad3_19e8e1cd53c74ae5bd467e677c390b17_mv2.jpg/v1/fill/w_480,h_641,fp_0.5_0.49,q_90/48dad3_19e8e1cd53c74ae5bd467e677c390b17_mv2.jpg]
[static.wixstatic.com/media/48dad3_295adc951bda4de784effd18328d030e_mv2.jpg/v1/fill/w_1,h_1,fp_0.35_0.45,q_90/48dad3_295adc951bda4de784effd18328d030e_mv2.jpg]
[static.wixstatic.com/media/48dad3_295adc951bda4de784effd18328d030e_mv2.jpg/v1/fill/w_480,h_640,fp_0.35_0.45,q_90/48dad3_295adc951bda4de784effd18328d030e_mv2.jpg]
[static.wixstatic.com/media/48dad3_a827ee5e891349dda46f8953f51c137d_mv2.jpg/v1/fill/w_1,h_1,fp_0.47_0.44,q_90/48dad3_a827ee5e891349dda46f8953f51c137d_mv2.jpg]
[static.wixstatic.com/media/48dad3_a827ee5e891349dda46f8953f51c137d_mv2.jpg/v1/fill/w_429,h_573,fp_0.47_0.44,q_90/48dad3_a827ee5e891349dda46f8953f51c137d_mv2.jpg]
[static.wixstatic.com/media/48dad3_e7adb87e31a64c30aec146edb9410de6_mv2.png/v1/fill/w_480,h_640,fp_0.51_0.52,q_90/48dad3_e7adb87e31a64c30aec146edb9410de6_mv2.png]
[static.wixstatic.com/media/48dad3_664389ee7f7d4e6c8b1372bc815ccf8e_mv2.png/v1/fill/w_427,h_439,fp_0.49_0.35,q_90/48dad3_664389ee7f7d4e6c8b1372bc815ccf8e_mv2.png]
[static.wixstatic.com/media/48dad3_939439036d0946d89b9c087fc2f8acfd_mv2.png/v1/fill/w_480,h_640,fp_0.48_0.48,q_90/48dad3_939439036d0946d89b9c087fc2f8acfd_mv2.png]
[static.wixstatic.com/media/48dad3_619f3aa0a68f488e9477d12bd22a8b8b_mv2.png/v1/fill/w_480,h_641,fp_0.49_0.46,q_90/48dad3_619f3aa0a68f488e9477d12bd22a8b8b_mv2.png]
[static.wixstatic.com/media/48dad3_a9b8000ee5914205ac134a4fd567c5f5_mv2.png/v1/fill/w_480,h_640,fp_0.47_0.5,q_90/48dad3_a9b8000ee5914205ac134a4fd567c5f5_mv2.png]
[static.wixstatic.com/media/48dad3_e8db178078b444b4993f15b771188a53_mv2.jpg/v1/fill/w_1,h_1,fp_0.47_0.48,q_90/48dad3_e8db178078b444b4993f15b771188a53_mv2.jpg]
[static.wixstatic.com/media/48dad3_e8db178078b444b4993f15b771188a53_mv2.jpg/v1/fill/w_432,h_463,fp_0.47_0.48,q_90/48dad3_e8db178078b444b4993f15b771188a53_mv2.jpg]
[static.wixstatic.com/media/48dad3_52370a934e2d4c519f5cb341e1f22cb2_mv2.png/v1/fill/w_480,h_640,fp_0.49_0.41,q_90/48dad3_52370a934e2d4c519f5cb341e1f22cb2_mv2.png]
[static.wixstatic.com/media/c837a6_1cf50738638a41d680ed4dc3db5e5492_mv2.png/v1/fill/w_49,h_30,al_c,q_85,usm_0.66_1.00_0.01,blur_2,enc_auto/c837a6_1cf50738638a41d680ed4dc3db5e5492_mv2.png]
[static.wixstatic.com/media/48dad3_8637844ce17e430a933ac13e8b0ae2e4_mv2.png/v1/crop/x_2,y_0,w_272,h_272/fill/w_76,h_76,al_c,q_85,usm_0.66_1.00_0.01,blur_3,enc_auto/Logo_PNG.png]
[static.wixstatic.com/media/c837a6_e5a608d569fd4c56bcfedec4a72bfbd9_mv2.png/v1/fill/w_120,h_40,al_c,q_85,usm_0.66_1.00_0.01,blur_3,enc_auto/Apple Store.png]
[static.wixstatic.com/media/c837a6_382fdb7f2d0548b4abd0c3f53011a351_mv2.png/v1/fill/w_135,h_40,al_c,q_85,usm_0.66_1.00_0.01,blur_3,enc_auto/Google Play.png]
[static.wixstatic.com/media/48dad3_b3640d748dac42b984a0879260a5ff17_mv2.png/v1/fill/w_76,h_76,al_c,q_85,usm_0.66_1.00_0.01,blur_3,enc_auto/GooglePlayStore.png]
[static.wixstatic.com/media/48dad3_0a9c27af0e4e4bf3b66428bb75bec07c_mv2.png/v1/fill/w_51,h_37,al_c,q_85,usm_0.66_1.00_0.01,blur_2,enc_auto/A4_POSE1_ANGLE_02.png]
[static.wixstatic.com/media/48dad3_8c626d61a7314c15b27fac394b10e381_mv2.png/v1/fill/w_76,h_76,al_c,q_85,usm_0.66_1.00_0.01,blur_3,enc_auto/Icon-01.png]
[static.wixstatic.com/media/48dad3_4c0fb219a92441aeb383478c36e3b379_mv2.jpg/v1/crop/x_1092,y_0,w_2084,h_2084/fill/w_76,h_76,al_c,q_80,usm_0.66_1.00_0.01,blur_3,enc_auto/Banner-01.jpg]
[browser.sentry-cdn.com/6.18.2/bundle.min.js]
[jerecodelacruz.wixsite.com/sitemap.41.delayed]
[jerecodelacruz.wixsite.com/feed.42.delayed]
[jerecodelacruz.wixsite.com/${i.43.delayed]
[static.parastorage.com/services/wix-thunderbolt/dist/thunderbolt-commons.09398ec1.bundle.min.js]
[static.parastorage.com/services/wix-thunderbolt/dist/main.e5a43201.bundle.min.js]
[static.parastorage.com/services/wix-thunderbolt/dist/main.renderer.1d21f023.bundle.min.js]
[static.parastorage.com/unpkg/lodash@4.17.21/lodash.min.js]
[static.parastorage.com/unpkg/react@18.3.1/umd/react.production.min.js]
[static.parastorage.com/unpkg/react-dom@18.3.1/umd/react-dom.production.min.js]
[static.parastorage.com/services/pro-gallery-tpa/1.937.0/WixProGalleryViewerWidget.bundle.min.js]
[jerecodelacruz.wixsite.com/decodeURIComponent(e.4b.delayed]
[static.parastorage.com/services/tag-manager-client/1.875.0/siteTags.bundle.min.js]
[jerecodelacruz.wixsite.com/portfolio.html]
[jerecodelacruz.wixsite.com/c.html]
[jerecodelacruz.wixsite.com/t.html]
[jerecodelacruz.wixsite.com/index.html]
[jerecodelacruz.wixsite.com/portfolio/c.4d.delayed]
[jerecodelacruz.wixsite.com/portfolio/t.4e.delayed]
[static.wixstatic.com/media/48dad3_f168e2ddb6974540a8432801d99c557e_mv2.png/v1/crop/x_0,y_457,w_1556,h_34,q_85,blur_1,enc_auto/48dad3_f168e2ddb6974540a8432801d99c557e_mv2.png]
[static.wixstatic.com/media/48dad3_8c626d61a7314c15b27fac394b10e381_mv2.png/v1/fill/w_76,h_76,al_c,q_85,usm_0.66_1.00_0.01,enc_auto/Icon-01.png]
[jerecodelacruz.wixsite.com/portfolio/media/emptystate.85a4add5.51.delayed]
[static.wixstatic.com/media/48dad3_2147358a0fe945c9b4c9a1970204a651_mv2.png/v1/fit/w_480,h_271,q_90/48dad3_2147358a0fe945c9b4c9a1970204a651_mv2.png]
[static.wixstatic.com/media/48dad3_05ac2386939e425aa1689501e068410e_mv2.png/v1/fit/w_480,h_271,q_90/48dad3_05ac2386939e425aa1689501e068410e_mv2.png]
[static.wixstatic.com/media/48dad3_f7de9c4e651a4c199fe091fcbf948252_mv2.png/v1/fit/w_480,h_271,q_90/48dad3_f7de9c4e651a4c199fe091fcbf948252_mv2.png]
[static.wixstatic.com/media/48dad3_518c65044c3e451f82d84e9e605b3a91_mv2.png/v1/fit/w_480,h_271,q_90/48dad3_518c65044c3e451f82d84e9e605b3a91_mv2.png]
[static.wixstatic.com/media/48dad3_2fdf711f56504878bed02279400de4be_mv2.png/v1/fit/w_480,h_271,q_90/48dad3_2fdf711f56504878bed02279400de4be_mv2.png]
[static.wixstatic.com/media/48dad3_dca02bcb64474b34a56a86544072f603_mv2.png/v1/fit/w_480,h_271,q_90/48dad3_dca02bcb64474b34a56a86544072f603_mv2.png]
[static.wixstatic.com/media/48dad3_1d647297d5d746629cb9a85d9ec4f31c_mv2.png/v1/fit/w_480,h_271,q_90/48dad3_1d647297d5d746629cb9a85d9ec4f31c_mv2.png]
[static.wixstatic.com/media/48dad3_130a49f6fe7d48778a9072f099275dfc_mv2.png/v1/fit/w_480,h_271,q_90/48dad3_130a49f6fe7d48778a9072f099275dfc_mv2.png]
[static.wixstatic.com/media/48dad3_4063357bdaa243cfbd973e182f683a45_mv2.png/v1/fit/w_480,h_271,q_90/48dad3_4063357bdaa243cfbd973e182f683a45_mv2.png]
[static.wixstatic.com/media/48dad3_2665997948f5473cb01c281608925ba0_mv2.png/v1/fit/w_480,h_271,q_90/48dad3_2665997948f5473cb01c281608925ba0_mv2.png]
[static.wixstatic.com/media/c837a6_382fdb7f2d0548b4abd0c3f53011a351_mv2.png/v1/fill/w_152,h_45,al_c,q_85,usm_0.66_1.00_0.01,blur_3,enc_auto/Google Play.png]
[jerecodelacruz.wixsite.com/portfolio/robots.5d.delayed]
[jerecodelacruz.wixsite.com/portfolio/sitemap.xml]
[jerecodelacruz.wixsite.com/portfolio/feed.5f.delayed]
[jerecodelacruz.wixsite.com/portfolio/${i.60.delayed]
[jerecodelacruz.wixsite.com/portfolio/decodeURIComponent(e.61.delayed]
[jerecodelacruz.wixsite.com/portfolio/copy-of-axie-floating-energy-counter.html]
[static.wixstatic.com/media/48dad3_f72a15a82cbd4ae3b87a4de2a647c450f000.jpg/v1/fill/w_147,h_83,al_c,q_80,usm_0.66_1.00_0.01,blur_2,enc_auto/48dad3_f72a15a82cbd4ae3b87a4de2a647c450f000.jpg]
[static.wixstatic.com/media/48dad3_8637844ce17e430a933ac13e8b0ae2e4_mv2.png/v1/crop/x_2,y_0,w_272,h_272/fill/w_76,h_76,al_c,q_85,usm_0.66_1.00_0.01,enc_auto/Logo_PNG.png]
[static.wixstatic.com/media/48dad3_f9dbbab92c89459e9465b6b177c29bb1_mv2.png/v1/fill/w_379,h_674,fp_0.37_0.46,q_90/48dad3_f9dbbab92c89459e9465b6b177c29bb1_mv2.png]
[static.wixstatic.com/media/48dad3_598a6b610e8244a0af794cd828076c25_mv2.png/v1/fit/w_375,h_665,q_90/48dad3_598a6b610e8244a0af794cd828076c25_mv2.png]
[static.wixstatic.com/media/48dad3_a9e8558e0f134c23959e8110d9b7408f_mv2.png/v1/fit/w_378,h_672,q_90/48dad3_a9e8558e0f134c23959e8110d9b7408f_mv2.png]
[static.wixstatic.com/media/48dad3_1171a501297e4b9d9569bfaf247b64ca_mv2.png/v1/fill/w_375,h_665,fp_0.52_0.42,q_90/48dad3_1171a501297e4b9d9569bfaf247b64ca_mv2.png]
[static.wixstatic.com/media/48dad3_45507b5e5e754c4b89c2c4e85c897867f003.jpg/v1/fit/w_480,h_854,q_90/48dad3_45507b5e5e754c4b89c2c4e85c897867f003.jpg]
[static.wixstatic.com/media/48dad3_b526322926364e739c264ca258712fb2_mv2.png/v1/fit/w_480,h_854,q_90/48dad3_b526322926364e739c264ca258712fb2_mv2.png]
[static.wixstatic.com/media/48dad3_4c76977ecf2a4f47885e59377be2a030_mv2.png/v1/fit/w_480,h_850,q_90/48dad3_4c76977ecf2a4f47885e59377be2a030_mv2.png]
[static.wixstatic.com/media/48dad3_ac4b51f468094c8cb65cbe15eeaecf5e_mv2.png/v1/fit/w_480,h_854,q_90/48dad3_ac4b51f468094c8cb65cbe15eeaecf5e_mv2.png]
[static.wixstatic.com/media/48dad3_767b58815ff44c068a5106b703f515d8_mv2.jpg/v1/fill/w_480,h_850,fp_0.93_0.55,q_90/48dad3_767b58815ff44c068a5106b703f515d8_mv2.jpg]
[static.wixstatic.com/media/48dad3_c5067a7d2bea4b7a9673475aa637c26d_mv2.png/v1/fit/w_480,h_854,q_90/48dad3_c5067a7d2bea4b7a9673475aa637c26d_mv2.png]
[static.wixstatic.com/media/48dad3_0268768f8ea44f51b6742b7d32bd92a9_mv2.png/v1/fit/w_480,h_854,q_90/48dad3_0268768f8ea44f51b6742b7d32bd92a9_mv2.png]
[static.wixstatic.com/media/48dad3_1002521fb55b4332898804438ea622da_mv2.png/v1/fill/w_480,h_850,fp_0.82_0.58,q_90/48dad3_1002521fb55b4332898804438ea622da_mv2.png]
[static.wixstatic.com/media/48dad3_2479aa771ae3454d8f06d2370bcb25d7_mv2.jpg/v1/fit/w_385,h_684,q_90/48dad3_2479aa771ae3454d8f06d2370bcb25d7_mv2.jpg]
[static.wixstatic.com/media/48dad3_3cb3135e2038423daab3cd18ca2fdaf0_mv2.png/v1/fit/w_480,h_850,q_90/48dad3_3cb3135e2038423daab3cd18ca2fdaf0_mv2.png]
[static.wixstatic.com/media/48dad3_37eec5ade24b43f98f25461de146e5d2_mv2.png/v1/fit/w_480,h_854,q_90/48dad3_37eec5ade24b43f98f25461de146e5d2_mv2.png]
[static.wixstatic.com/media/48dad3_de89cc35a25b441fa4306e38ea4eca43_mv2.png/v1/fit/w_480,h_854,q_90/48dad3_de89cc35a25b441fa4306e38ea4eca43_mv2.png]
[static.wixstatic.com/media/c837a6_e5a608d569fd4c56bcfedec4a72bfbd9_mv2.png/v1/fill/w_138,h_46,al_c,q_85,usm_0.66_1.00_0.01,blur_3,enc_auto/Apple Store.png]
[static.wixstatic.com/media/c837a6_382fdb7f2d0548b4abd0c3f53011a351_mv2.png/v1/fill/w_135,h_40,al_c,q_85,usm_0.66_1.00_0.01,enc_auto/Google Play.png]
[jerecodelacruz.wixsite.com/portfolio/ayos.html]
[static.wixstatic.com/media/48dad3_ab86caee3eea435bafb87fc9a103576ef000.jpg/v1/fill/w_147,h_83,al_c,q_80,usm_0.66_1.00_0.01,blur_2,enc_auto/48dad3_ab86caee3eea435bafb87fc9a103576ef000.jpg]
[static.wixstatic.com/media/48dad3_fb3a3d9778244513aa078071453f3e50f003.jpg/v1/fit/w_480,h_361,q_90/48dad3_fb3a3d9778244513aa078071453f3e50f003.jpg]
[static.wixstatic.com/media/48dad3_6eb0baa1e4014b3298cb04371a029c84_mv2.jpg/v1/fill/w_76,h_76,al_c,q_80,usm_0.66_1.00_0.01,enc_auto/275426074_116766107611322_5042758767507525916_n.77.delay]
[static.wixstatic.com/media/48dad3_c77ae84cd8dd42bb9b1b8dee6927ae59_mv2.jpg/v1/fill/w_480,h_360,fp_0.7_0.33,q_90/48dad3_c77ae84cd8dd42bb9b1b8dee6927ae59_mv2.jpg]
[static.wixstatic.com/media/48dad3_19f1c1e59fed4e908e18849612c998ae_mv2.jpg/v1/fill/w_480,h_361,fp_0.49_0.34,q_90/48dad3_19f1c1e59fed4e908e18849612c998ae_mv2.jpg]
[static.wixstatic.com/media/48dad3_1c7297d9bb234a83a690cab85be06afdf003.jpg/v1/fit/w_480,h_361,q_90/48dad3_1c7297d9bb234a83a690cab85be06afdf003.jpg]
[static.wixstatic.com/media/48dad3_ab86caee3eea435bafb87fc9a103576ef003.jpg/v1/fit/w_480,h_360,q_90/48dad3_ab86caee3eea435bafb87fc9a103576ef003.jpg]
[static.wixstatic.com/media/48dad3_3c4869794ff7480699a552f8bec5093f_mv2.jpg/v1/fit/w_480,h_361,q_90/48dad3_3c4869794ff7480699a552f8bec5093f_mv2.jpg]
[static.wixstatic.com/media/48dad3_30e369694fa74f02adc9bf3948da6a0c_mv2.jpg/v1/fit/w_480,h_361,q_90/48dad3_30e369694fa74f02adc9bf3948da6a0c_mv2.jpg]
[static.wixstatic.com/media/48dad3_2b3cf4642d074e20876e0ece127c9632_mv2.jpg/v1/fit/w_480,h_360,q_90/48dad3_2b3cf4642d074e20876e0ece127c9632_mv2.jpg]
[static.wixstatic.com/media/48dad3_4824d9d48f6146ed81261924c9ec3565_mv2.png/v1/fit/w_480,h_361,q_90/48dad3_4824d9d48f6146ed81261924c9ec3565_mv2.png]
[static.wixstatic.com/media/48dad3_c9f1aac1ab234a6ebea8a2d07ee34680_mv2.jpg/v1/fit/w_480,h_361,q_90/48dad3_c9f1aac1ab234a6ebea8a2d07ee34680_mv2.jpg]
[static.wixstatic.com/media/48dad3_20c2da9e551f4e52b3988cee7b1ba95a_mv2.jpg/v1/fill/w_480,h_360,fp_0.69_0.57,q_90/48dad3_20c2da9e551f4e52b3988cee7b1ba95a_mv2.jpg]
[static.wixstatic.com/media/48dad3_f483bf457779498790a33916c1f2ce40_mv2.png/v1/fill/w_66,h_59,al_c,q_85,usm_0.66_1.00_0.01,blur_3,enc_auto/R.png]
[static.wixstatic.com/media/48dad3_a51243e4bfc0404384fd1b1af8e64a51_mv2.png/v1/fill/w_59,h_59,al_c,q_85,usm_0.66_1.00_0.01,blur_3,enc_auto/f_logo_RGB-Blue_1024.png]
[static.wixstatic.com/media/48dad3_9f7be0c6bf6641379eaffdc608bf953a_mv2.png/v1/fill/w_59,h_59,al_c,q_85,usm_0.66_1.00_0.01,blur_3,enc_auto/discord_icon_130958.png]
[static.parastorage.com/services/wix-thunderbolt/dist/thunderbolt-commons.8add2233.bundle.min.js]
[jerecodelacruz.wixsite.com/portfolio/arcus.html]
[static.parastorage.com/services/wix-thunderbolt/dist/main.1550a9c2.bundle.min.js]
[static.wixstatic.com/media/48dad3_d8a892dda8644fdabd14846e974f6e32_mv2.jpg/v1/fill/w_147,h_76,al_c,q_80,usm_0.66_1.00_0.01,blur_2,enc_auto/48dad3_d8a892dda8644fdabd14846e974f6e32_mv2.jpg]
[static.wixstatic.com/media/48dad3_07a3549c50f543faa74cd47324c21c12_mv2.jpg/v1/fit/w_480,h_271,q_90/48dad3_07a3549c50f543faa74cd47324c21c12_mv2.jpg]
[static.wixstatic.com/media/48dad3_d8a892dda8644fdabd14846e974f6e32_mv2.jpg/v1/fit/w_480,h_271,q_90/48dad3_d8a892dda8644fdabd14846e974f6e32_mv2.jpg]
[static.wixstatic.com/media/48dad3_900491874803445d98448fe2e8ba3fee_mv2.jpg/v1/fit/w_480,h_271,q_90/48dad3_900491874803445d98448fe2e8ba3fee_mv2.jpg]
[static.wixstatic.com/media/48dad3_f58cadee384f4e0594d5d6db3c4ede66_mv2.png/v1/fit/w_480,h_271,q_90/48dad3_f58cadee384f4e0594d5d6db3c4ede66_mv2.png]
[jerecodelacruz.wixsite.com/portfolio/axie-floating-energy-counter.html]
[static.wixstatic.com/media/48dad3_4c0fb219a92441aeb383478c36e3b379_mv2.jpg/v1/fill/w_147,h_72,al_c,q_80,usm_0.66_1.00_0.01,blur_2,enc_auto/48dad3_4c0fb219a92441aeb383478c36e3b379_mv2.jpg]
[static.wixstatic.com/media/48dad3_4c0fb219a92441aeb383478c36e3b379_mv2.jpg/v1/crop/x_1092,y_0,w_2084,h_2084/fill/w_76,h_76,al_c,q_80,usm_0.66_1.00_0.01,enc_auto/Banner-01.jpg]
[static.wixstatic.com/media/48dad3_00166cddc98d43988baba7f899234106_mv2.jpg/v1/fit/w_480,h_641,q_90/48dad3_00166cddc98d43988baba7f899234106_mv2.jpg]
[static.wixstatic.com/media/48dad3_9223cff13a5b4f9fb5f3119ffce03b65_mv2.jpg/v1/fit/w_480,h_641,q_90/48dad3_9223cff13a5b4f9fb5f3119ffce03b65_mv2.jpg]
[static.wixstatic.com/media/48dad3_dbbc795dc51b4264ac7ee2475fdfb8b6_mv2.png/v1/fit/w_480,h_641,q_90/48dad3_dbbc795dc51b4264ac7ee2475fdfb8b6_mv2.png]
[static.wixstatic.com/media/48dad3_f064273cfc10412ebea102a79fe4b12c_mv2.png/v1/fit/w_480,h_641,q_90/48dad3_f064273cfc10412ebea102a79fe4b12c_mv2.png]
[static.wixstatic.com/media/48dad3_0f7d97322c1b493197f93a3d42874b55_mv2.png/v1/fit/w_480,h_641,q_90/48dad3_0f7d97322c1b493197f93a3d42874b55_mv2.png]
[static.wixstatic.com/media/48dad3_ed9e62d40b45415381cd7c6c2de94b49_mv2.jpg/v1/fit/w_323,h_550,q_90/48dad3_ed9e62d40b45415381cd7c6c2de94b49_mv2.jpg]
[static.wixstatic.com/media/48dad3_1fda18d6e5e7491b85be4d5f0d3c9485_mv2.jpg/v1/fit/w_480,h_641,q_90/48dad3_1fda18d6e5e7491b85be4d5f0d3c9485_mv2.jpg]
[jerecodelacruz.wixsite.com/portfolio/perya-games-1.html]
[static.wixstatic.com/media/48dad3_da12ffe5f7484355993a5b58889252d4f000.jpg/v1/fill/w_147,h_83,al_c,q_80,usm_0.66_1.00_0.01,blur_2,enc_auto/48dad3_da12ffe5f7484355993a5b58889252d4f000.jpg]
[static.wixstatic.com/media/48dad3_3cdbb752b5d748a388bc9a219c5b51dd_mv2.jpg/v1/fit/w_480,h_361,q_90/48dad3_3cdbb752b5d748a388bc9a219c5b51dd_mv2.jpg]
[static.wixstatic.com/media/48dad3_3cdbb752b5d748a388bc9a219c5b51dd_mv2.jpg/v1/crop/x_280,y_0,w_720,h_720/fill/w_76,h_76,al_c,q_80,usm_0.66_1.00_0.01,enc_auto/photo_2020-05-04_19-37-39.97]
[static.wixstatic.com/media/48dad3_5faf0ae05e564420961545f0a6bbe9b3_mv2.jpg/v1/fit/w_480,h_360,q_90/48dad3_5faf0ae05e564420961545f0a6bbe9b3_mv2.jpg]
[static.wixstatic.com/media/48dad3_9e6b89ce76ee4e3c9e1ec0a2f2221159_mv2.jpg/v1/fit/w_480,h_361,q_90/48dad3_9e6b89ce76ee4e3c9e1ec0a2f2221159_mv2.jpg]
[static.wixstatic.com/media/48dad3_da12ffe5f7484355993a5b58889252d4f003.jpg/v1/fit/w_480,h_361,q_90/48dad3_da12ffe5f7484355993a5b58889252d4f003.jpg]
[static.wixstatic.com/media/48dad3_a6739e0e9f4447bfb63da263da3d8f38_mv2.jpg/v1/fill/w_480,h_360,fp_0.05_0.15,q_90/48dad3_a6739e0e9f4447bfb63da263da3d8f38_mv2.jpg]
[static.wixstatic.com/media/48dad3_89e09aecff5140be82b0d97213f16cd0f003.jpg/v1/fit/w_360,h_334,q_90/48dad3_89e09aecff5140be82b0d97213f16cd0f003.jpg]
[static.wixstatic.com/media/48dad3_97abf83977104862996b9d24c89a353ff003.jpg/v1/fit/w_360,h_334,q_90/48dad3_97abf83977104862996b9d24c89a353ff003.jpg]
[static.wixstatic.com/media/48dad3_fc53db96bf3c4b47aff15c1ab866c784f003.jpg/v1/fit/w_480,h_360,q_90/48dad3_fc53db96bf3c4b47aff15c1ab866c784f003.jpg]
[static.wixstatic.com/media/48dad3_ace2a158ea9a4dc0a18a98e2279e198df003.jpg/v1/fit/w_480,h_361,q_90/48dad3_ace2a158ea9a4dc0a18a98e2279e198df003.jpg]
[jerecodelacruz.wixsite.com/portfolio/ace-up.html]
[static.wixstatic.com/media/48dad3_be857e58e8044a00b2576be97cbd2025_mv2.jpg/v1/fill/w_147,h_88,al_c,q_80,usm_0.66_1.00_0.01,blur_2,enc_auto/48dad3_be857e58e8044a00b2576be97cbd2025_mv2.jpg]
[static.wixstatic.com/media/48dad3_7098d03d67d14b08b9d9db9104ed28d5_mv2.jpg/v1/fit/w_480,h_361,q_90/48dad3_7098d03d67d14b08b9d9db9104ed28d5_mv2.jpg]
[static.wixstatic.com/media/48dad3_e067df9d6359425c9677db73a42808c9_mv2.png/v1/crop/x_334,y_0,w_1002,h_1002/fill/w_76,h_76,al_c,q_85,usm_0.66_1.00_0.01,enc_auto/92823622_559311881633724_67]
[static.wixstatic.com/media/48dad3_c411ab4236f64da9ba1be9760ff5df06_mv2.jpg/v1/fit/w_480,h_360,q_90/48dad3_c411ab4236f64da9ba1be9760ff5df06_mv2.jpg]
[static.wixstatic.com/media/48dad3_be857e58e8044a00b2576be97cbd2025_mv2.jpg/v1/fit/w_480,h_361,q_90/48dad3_be857e58e8044a00b2576be97cbd2025_mv2.jpg]
[static.wixstatic.com/media/48dad3_e067df9d6359425c9677db73a42808c9_mv2.png/v1/fit/w_480,h_361,q_90/48dad3_e067df9d6359425c9677db73a42808c9_mv2.png]
[static.wixstatic.com/media/48dad3_e1c6f0de630c45aaa854606ee9ef71b8_mv2.jpg/v1/fit/w_480,h_360,q_90/48dad3_e1c6f0de630c45aaa854606ee9ef71b8_mv2.jpg]
[static.wixstatic.com/media/48dad3_ac823c22bbcb47df8f5dc9a36c437e5e_mv2.jpg/v1/fill/w_480,h_361,fp_0.53_0.33,q_90/48dad3_ac823c22bbcb47df8f5dc9a36c437e5e_mv2.jpg]
[static.wixstatic.com/media/48dad3_0e0ecb97307e4c4db317213d67009353_mv2.jpg/v1/fill/w_480,h_361,fp_0.77_0.56,q_90/48dad3_0e0ecb97307e4c4db317213d67009353_mv2.jpg]
[static.wixstatic.com/media/48dad3_9eba233d2fbb480f963db701789b4a35f003.jpg/v1/fit/w_480,h_360,q_90/48dad3_9eba233d2fbb480f963db701789b4a35f003.jpg]
[static.wixstatic.com/media/48dad3_bca866b39f3d48ac9332ebe63c8f5c9cf003.jpg/v1/fit/w_368,h_334,q_90/48dad3_bca866b39f3d48ac9332ebe63c8f5c9cf003.jpg]
[jerecodelacruz.wixsite.com/portfolio/artillery-simulator.html]
[static.wixstatic.com/media/48dad3_6348e121bdc34de4bfcba7aa90990b5d_mv2.png/v1/fill/w_49,h_38,al_c,q_85,usm_0.66_1.00_0.01,blur_2,enc_auto/48dad3_6348e121bdc34de4bfcba7aa90990b5d_mv2.png]
[static.wixstatic.com/media/48dad3_8c7d088f809041f284ac137d25bc87fd_mv2.png/v1/crop/x_34,y_0,w_907,h_907/fill/w_76,h_76,al_c,q_85,usm_0.66_1.00_0.01,enc_auto/1_PNG.png]
[static.wixstatic.com/media/48dad3_ab97abe5f272481c8aa13d435dedaa26_mv2.png/v1/fit/w_480,h_361,q_90/48dad3_ab97abe5f272481c8aa13d435dedaa26_mv2.png]
[static.wixstatic.com/media/48dad3_d0666522b82948db9175609542306783_mv2.png/v1/fit/w_480,h_360,q_90/48dad3_d0666522b82948db9175609542306783_mv2.png]
[static.wixstatic.com/media/48dad3_3b19153e4a74417fa3bf5892830bf3abf003.jpg/v1/fit/w_224,h_334,q_90/48dad3_3b19153e4a74417fa3bf5892830bf3abf003.jpg]
[static.wixstatic.com/media/48dad3_ae5a1431569f40e6829030336fda3b3e_mv2.png/v1/fit/w_480,h_361,q_90/48dad3_ae5a1431569f40e6829030336fda3b3e_mv2.png]
[static.wixstatic.com/media/48dad3_4dd3b27e36b74380b6c0fcfcf51e2fd5_mv2.png/v1/fit/w_480,h_360,q_90/48dad3_4dd3b27e36b74380b6c0fcfcf51e2fd5_mv2.png]
[jerecodelacruz.wixsite.com/portfolio/first-aid-simulator.html]
[static.wixstatic.com/media/48dad3_4eb2499bc6504e47b602f93a40db8160f000.jpg/v1/fill/w_147,h_83,al_c,q_80,usm_0.66_1.00_0.01,blur_2,enc_auto/48dad3_4eb2499bc6504e47b602f93a40db8160f000.jpg]
[static.wixstatic.com/media/48dad3_9b652152ed0240f8bd07aeffc2c7f878_mv2.jpg/v1/fit/w_480,h_361,q_90/48dad3_9b652152ed0240f8bd07aeffc2c7f878_mv2.jpg]
[static.wixstatic.com/media/48dad3_28001877769d40af87dcaa2100007bd5_mv2.jpg/v1/crop/x_199,y_0,w_540,h_540/fill/w_76,h_76,al_c,q_80,usm_0.66_1.00_0.01,enc_auto/119473251_404219863883348_371]
[static.wixstatic.com/media/48dad3_ce8765621b554dd88e191b60f4191ecf_mv2.png/v1/fit/w_480,h_360,q_90/48dad3_ce8765621b554dd88e191b60f4191ecf_mv2.png]
[static.wixstatic.com/media/48dad3_a1d3da7bdcac4ef9ad121702bf339c6e_mv2.jpg/v1/fill/w_480,h_361,fp_0.38_0.38,q_90/48dad3_a1d3da7bdcac4ef9ad121702bf339c6e_mv2.jpg]
[static.wixstatic.com/media/48dad3_4eb2499bc6504e47b602f93a40db8160f003.jpg/v1/fit/w_480,h_361,q_90/48dad3_4eb2499bc6504e47b602f93a40db8160f003.jpg]
[static.wixstatic.com/media/48dad3_1a9573766fee4e2eaf52af622766a199f003.jpg/v1/fit/w_480,h_360,q_90/48dad3_1a9573766fee4e2eaf52af622766a199f003.jpg]
[static.wixstatic.com/media/48dad3_498b5a34c9fd4ef88cac400b7c9df13bf003.jpg/v1/fit/w_480,h_361,q_90/48dad3_498b5a34c9fd4ef88cac400b7c9df13bf003.jpg]
[static.wixstatic.com/media/48dad3_26a1f034be55413998517e538ec70545f003.jpg/v1/fit/w_480,h_361,q_90/48dad3_26a1f034be55413998517e538ec70545f003.jpg]
[static.wixstatic.com/media/48dad3_721f7820761345fda3fd1f4da31d50fe_mv2.jpg/v1/fill/w_480,h_360,fp_0.35_0.37,q_90/48dad3_721f7820761345fda3fd1f4da31d50fe_mv2.jpg]
[jerecodelacruz.wixsite.com/portfolio/project-hope.html]
[static.wixstatic.com/media/48dad3_e93c59b2d4cc4d47985bdeb2e030c9dff000.jpg/v1/fill/w_147,h_68,al_c,q_80,usm_0.66_1.00_0.01,blur_2,enc_auto/48dad3_e93c59b2d4cc4d47985bdeb2e030c9dff000.jpg]
[static.wixstatic.com/media/48dad3_9129308e98ad435385740b67cb7860af_mv2.png/v1/crop/x_0,y_532,w_984,h_984/fill/w_76,h_76,al_c,q_85,usm_0.66_1.00_0.01,enc_auto/5.png]
[static.wixstatic.com/media/48dad3_942cf36e8afa4322b2291eacd2ff1d5b_mv2.png/v1/fit/w_480,h_361,q_90/48dad3_942cf36e8afa4322b2291eacd2ff1d5b_mv2.png]
[static.wixstatic.com/media/48dad3_e93c59b2d4cc4d47985bdeb2e030c9dff003.jpg/v1/fit/w_480,h_360,q_90/48dad3_e93c59b2d4cc4d47985bdeb2e030c9dff003.jpg]
[static.wixstatic.com/media/48dad3_f28a8653b67c4e66b678a8f66669ce9f_mv2.png/v1/fit/w_480,h_361,q_90/48dad3_f28a8653b67c4e66b678a8f66669ce9f_mv2.png]
[static.wixstatic.com/media/48dad3_f1343d9050324d0caa582f245d22e588_mv2.jpg/v1/fit/w_480,h_361,q_90/48dad3_f1343d9050324d0caa582f245d22e588_mv2.jpg]
[static.wixstatic.com/media/48dad3_9129308e98ad435385740b67cb7860af_mv2.png/v1/fill/w_480,h_360,fp_0.78_0.7,q_90/48dad3_9129308e98ad435385740b67cb7860af_mv2.png]
[static.wixstatic.com/media/48dad3_2dc583c2abf44c318915b0743ebe6153_mv2.png/v1/fit/w_480,h_361,q_90/48dad3_2dc583c2abf44c318915b0743ebe6153_mv2.png]
[static.wixstatic.com/media/48dad3_7c9f5cb072a24231a4e77f86f5dd7f35_mv2.jpg/v1/fit/w_480,h_361,q_90/48dad3_7c9f5cb072a24231a4e77f86f5dd7f35_mv2.jpg]
[static.wixstatic.com/media/48dad3_77d4445ec52a4a3281db42b5c98fc978_mv2.jpg/v1/fit/w_480,h_360,q_90/48dad3_77d4445ec52a4a3281db42b5c98fc978_mv2.jpg]
[static.wixstatic.com/media/48dad3_20da1812d66d41b9a7ac2d2606a8ad0e_mv2.jpg/v1/fit/w_480,h_361,q_90/48dad3_20da1812d66d41b9a7ac2d2606a8ad0e_mv2.jpg]
[jerecodelacruz.wixsite.com/portfolio/junior-clearning.html]
[static.wixstatic.com/media/48dad3_19e8e1cd53c74ae5bd467e677c390b17_mv2.jpg/v1/fill/w_147,h_118,al_c,q_80,usm_0.66_1.00_0.01,blur_2/48dad3_19e8e1cd53c74ae5bd467e677c390b17_mv2.jpg]
[static.wixstatic.com/media/48dad3_19e8e1cd53c74ae5bd467e677c390b17_mv2.jpg/v1/crop/x_534,y_0,w_4267,h_4267/fill/w_76,h_76,al_c,q_80,usm_0.66_1.00_0.01,enc_auto/IMG_0829_JPG.jpg]
[static.wixstatic.com/media/48dad3_30c844ee92014bc684c4d0ea1662c3b8_mv2.png/v1/fit/w_392,h_522,q_90/48dad3_30c844ee92014bc684c4d0ea1662c3b8_mv2.png]
[static.wixstatic.com/media/48dad3_c56e92f887ed4ee391a8e46ac217d012f003.jpg/v1/fit/w_480,h_639,q_90/48dad3_c56e92f887ed4ee391a8e46ac217d012f003.jpg]
[static.wixstatic.com/media/48dad3_321eb4c8f4804f81b5dc3147cf222af9f003.jpg/v1/fit/w_480,h_639,q_90/48dad3_321eb4c8f4804f81b5dc3147cf222af9f003.jpg]
[static.wixstatic.com/media/48dad3_eaed31124c7c47fb98115dd945ef3c4c_mv2.png/v1/fit/w_391,h_522,q_90/48dad3_eaed31124c7c47fb98115dd945ef3c4c_mv2.png]
[static.wixstatic.com/media/48dad3_5ce823c2ba5e4b87920f387cdca8e383f003.jpg/v1/fit/w_480,h_639,q_90/48dad3_5ce823c2ba5e4b87920f387cdca8e383f003.jpg]
[jerecodelacruz.wixsite.com/portfolio/memory-lamp.html]
[static.wixstatic.com/media/48dad3_3b73327cf3d44853892020491e211c46_mv2.jpg/v1/fill/w_147,h_104,al_c,q_80,usm_0.66_1.00_0.01,blur_2/48dad3_3b73327cf3d44853892020491e211c46_mv2.jpg]
[static.wixstatic.com/media/48dad3_cb515ae24f734105a8242eaa400c849b_mv2.jpg/v1/fill/w_480,h_639,fp_0.5_0.23,q_90/48dad3_cb515ae24f734105a8242eaa400c849b_mv2.jpg]
[static.wixstatic.com/media/48dad3_a827ee5e891349dda46f8953f51c137d_mv2.jpg/v1/crop/x_0,y_113,w_429,h_429/fill/w_76,h_76,al_c,q_80,usm_0.66_1.00_0.01,enc_auto/photo_2019-10-09_18-27-43.d0]
[static.wixstatic.com/media/48dad3_a827ee5e891349dda46f8953f51c137d_mv2.jpg/v1/fit/w_429,h_571,q_90/48dad3_a827ee5e891349dda46f8953f51c137d_mv2.jpg]
[static.wixstatic.com/media/48dad3_a20b455118ba4798bde28e2232f73d9bf003.jpg/v1/fit/w_360,h_479,q_90/48dad3_a20b455118ba4798bde28e2232f73d9bf003.jpg]
[static.wixstatic.com/media/48dad3_f900fac9338b48b39d7dfbe6ff2b6400_mv2.jpg/v1/fit/w_480,h_640,q_90/48dad3_f900fac9338b48b39d7dfbe6ff2b6400_mv2.jpg]
[static.wixstatic.com/media/48dad3_dce65473f1f94fd2bd7b43bf7b303689_mv2.jpg/v1/fit/w_480,h_639,q_90/48dad3_dce65473f1f94fd2bd7b43bf7b303689_mv2.jpg]
[static.wixstatic.com/media/48dad3_e91bfce0710849f9b7a281d91aa537b0_mv2.jpg/v1/fit/w_480,h_639,q_90/48dad3_e91bfce0710849f9b7a281d91aa537b0_mv2.jpg]
[static.wixstatic.com/media/48dad3_4db69afb3a154f6bb16694481849b891_mv2.jpg/v1/fit/w_480,h_639,q_90/48dad3_4db69afb3a154f6bb16694481849b891_mv2.jpg]
[static.wixstatic.com/media/48dad3_3b73327cf3d44853892020491e211c46_mv2.jpg/v1/fill/w_480,h_640,fp_0.76_0.2,q_90/48dad3_3b73327cf3d44853892020491e211c46_mv2.jpg]
[jerecodelacruz.wixsite.com/portfolio/times-three-dash.html]
[static.wixstatic.com/media/48dad3_b14ed678c3924de9ba2c3e06b80c15c0_mv2.png/v1/fill/w_49,h_27,al_c,q_85,usm_0.66_1.00_0.01,blur_2,enc_auto/48dad3_b14ed678c3924de9ba2c3e06b80c15c0_mv2.png]
[static.wixstatic.com/media/48dad3_130aef71758249e39ccdd2ac9b8548f9_mv2.png/v1/crop/x_0,y_7,w_247,h_247/fill/w_76,h_76,al_c,q_85,usm_0.66_1.00_0.01,enc_auto/Icon_PNG.png]
[static.wixstatic.com/media/48dad3_7388e9262f664526b0807aa1b6cd5019_mv2.png/v1/fit/w_480,h_360,q_90/48dad3_7388e9262f664526b0807aa1b6cd5019_mv2.png]
[static.wixstatic.com/media/48dad3_3ac574ee3ac7446fb4bfeba0539ee446_mv2.png/v1/fill/w_480,h_360,fp_0.13_0.06,q_90/48dad3_3ac574ee3ac7446fb4bfeba0539ee446_mv2.png]
[static.wixstatic.com/media/48dad3_e7adb87e31a64c30aec146edb9410de6_mv2.png/v1/fit/w_480,h_360,q_90/48dad3_e7adb87e31a64c30aec146edb9410de6_mv2.png]
[static.wixstatic.com/media/48dad3_b14ed678c3924de9ba2c3e06b80c15c0_mv2.png/v1/fit/w_480,h_360,q_90/48dad3_b14ed678c3924de9ba2c3e06b80c15c0_mv2.png]
[static.wixstatic.com/media/48dad3_db34f1313725423bb467d94fe21262e6_mv2.png/v1/fit/w_480,h_360,q_90/48dad3_db34f1313725423bb467d94fe21262e6_mv2.png]
[jerecodelacruz.wixsite.com/portfolio/bottle-cap-challenge.html]
[static.wixstatic.com/media/48dad3_290e470d95ce4a18ae293d1263bfb69d_mv2.png/v1/fill/w_49,h_28,al_c,q_85,usm_0.66_1.00_0.01,blur_2,enc_auto/48dad3_290e470d95ce4a18ae293d1263bfb69d_mv2.png]
[static.wixstatic.com/media/48dad3_79585a32491a496ea9b68a5e76d372a8_mv2.jpg/v1/crop/x_9,y_0,w_180,h_180/fill/w_76,h_76,al_c,q_80,usm_0.66_1.00_0.01,enc_auto/55_edited.jpg]
[static.wixstatic.com/media/48dad3_664389ee7f7d4e6c8b1372bc815ccf8e_mv2.png/v1/fit/w_480,h_358,q_90/48dad3_664389ee7f7d4e6c8b1372bc815ccf8e_mv2.png]
[static.wixstatic.com/media/48dad3_0722e644a44e40998e9b25ba6b66747c_mv2.png/v1/fit/w_480,h_360,q_90/48dad3_0722e644a44e40998e9b25ba6b66747c_mv2.png]
[static.wixstatic.com/media/48dad3_1e850c6bc6954cef861fc8e7164edb88_mv2.png/v1/fit/w_480,h_361,q_90/48dad3_1e850c6bc6954cef861fc8e7164edb88_mv2.png]
[static.wixstatic.com/media/48dad3_290e470d95ce4a18ae293d1263bfb69d_mv2.png/v1/fit/w_480,h_361,q_90/48dad3_290e470d95ce4a18ae293d1263bfb69d_mv2.png]
[static.wixstatic.com/media/48dad3_74805d652bf84c7ebe6c3f72ecdd5bc7_mv2.png/v1/fit/w_480,h_360,q_90/48dad3_74805d652bf84c7ebe6c3f72ecdd5bc7_mv2.png]
[static.wixstatic.com/media/48dad3_fc3e386532b043278554bbca211df041_mv2.png/v1/fit/w_480,h_361,q_90/48dad3_fc3e386532b043278554bbca211df041_mv2.png]
[jerecodelacruz.wixsite.com/portfolio/flash-reality.html]
[static.wixstatic.com/media/48dad3_a9b8000ee5914205ac134a4fd567c5f5_mv2.png/v1/fill/w_49,h_26,al_c,q_85,usm_0.66_1.00_0.01,blur_2,enc_auto/48dad3_a9b8000ee5914205ac134a4fd567c5f5_mv2.png]
[static.wixstatic.com/media/48dad3_df5e4fdecaee45c9ae7b027f0ca947e2_mv2.png/v1/crop/x_231,y_0,w_537,h_537/fill/w_76,h_76,al_c,q_85,usm_0.66_1.00_0.01,enc_auto/s1_PNG.png]
[static.wixstatic.com/media/48dad3_df5e4fdecaee45c9ae7b027f0ca947e2_mv2.png/v1/fit/w_480,h_361,q_90/48dad3_df5e4fdecaee45c9ae7b027f0ca947e2_mv2.png]
[static.wixstatic.com/media/48dad3_5cac961a44ec41a4af3cc5f981908e32_mv2.png/v1/fit/w_480,h_360,q_90/48dad3_5cac961a44ec41a4af3cc5f981908e32_mv2.png]
[static.wixstatic.com/media/48dad3_ce697387d740446fa0b70e1f66151b27_mv2.png/v1/fit/w_480,h_361,q_90/48dad3_ce697387d740446fa0b70e1f66151b27_mv2.png]
[static.wixstatic.com/media/48dad3_a9b8000ee5914205ac134a4fd567c5f5_mv2.png/v1/fit/w_480,h_361,q_90/48dad3_a9b8000ee5914205ac134a4fd567c5f5_mv2.png]
[static.wixstatic.com/media/48dad3_c539961496ae4fa08470def1c88a5dd5_mv2.png/v1/fit/w_480,h_360,q_90/48dad3_c539961496ae4fa08470def1c88a5dd5_mv2.png]
[jerecodelacruz.wixsite.com/portfolio/gender-circles.html]
[static.wixstatic.com/media/48dad3_619f3aa0a68f488e9477d12bd22a8b8b_mv2.png/v1/fill/w_49,h_28,al_c,q_85,usm_0.66_1.00_0.01,blur_2,enc_auto/48dad3_619f3aa0a68f488e9477d12bd22a8b8b_mv2.png]
[static.wixstatic.com/media/48dad3_5f70777f70764691b5e29a898f0a1025_mv2.png/v1/crop/x_280,y_0,w_720,h_720/fill/w_76,h_76,al_c,q_85,usm_0.66_1.00_0.01,enc_auto/Screenshot_20180711-213905.f0]
[static.wixstatic.com/media/48dad3_5f70777f70764691b5e29a898f0a1025_mv2.png/v1/fit/w_480,h_361,q_90/48dad3_5f70777f70764691b5e29a898f0a1025_mv2.png]
[static.wixstatic.com/media/48dad3_0ab2df43214a4b4f936a2ea1c29507a9_mv2.png/v1/fit/w_480,h_360,q_90/48dad3_0ab2df43214a4b4f936a2ea1c29507a9_mv2.png]
[static.wixstatic.com/media/48dad3_84b24e3343c14757a169efebe67ea50a_mv2.png/v1/fit/w_480,h_361,q_90/48dad3_84b24e3343c14757a169efebe67ea50a_mv2.png]
[static.wixstatic.com/media/48dad3_b180bbfbd01e4e1ca3e47dc8aac529a0_mv2.png/v1/fit/w_480,h_361,q_90/48dad3_b180bbfbd01e4e1ca3e47dc8aac529a0_mv2.png]
[static.wixstatic.com/media/48dad3_619f3aa0a68f488e9477d12bd22a8b8b_mv2.png/v1/fit/w_480,h_360,q_90/48dad3_619f3aa0a68f488e9477d12bd22a8b8b_mv2.png]
[jerecodelacruz.wixsite.com/portfolio/pedal-race.html]
[static.wixstatic.com/media/48dad3_2660faf308334c5499b3780873d47479_mv2.png/v1/fill/w_49,h_29,al_c,q_85,usm_0.66_1.00_0.01,blur_2,enc_auto/48dad3_2660faf308334c5499b3780873d47479_mv2.png]
[static.wixstatic.com/media/48dad3_5db956a856314618a2235cd4a77d8465_mv2.jpg/v1/crop/x_117,y_0,w_346,h_346/fill/w_76,h_76,al_c,q_80,usm_0.66_1.00_0.01,enc_auto/4_JPG.jpg]
[static.wixstatic.com/media/48dad3_c5e7b650119e4d01bc3eed15bacc8e21_mv2.jpg/v1/fit/w_480,h_361,q_90/48dad3_c5e7b650119e4d01bc3eed15bacc8e21_mv2.jpg]
[static.wixstatic.com/media/48dad3_ef5f4ba9a6c445778ba36cb8f2bc7fa5_mv2.jpg/v1/fit/w_480,h_360,q_90/48dad3_ef5f4ba9a6c445778ba36cb8f2bc7fa5_mv2.jpg]
[static.wixstatic.com/media/48dad3_5db956a856314618a2235cd4a77d8465_mv2.jpg/v1/fit/w_480,h_361,q_90/48dad3_5db956a856314618a2235cd4a77d8465_mv2.jpg]
[static.wixstatic.com/media/48dad3_e8db178078b444b4993f15b771188a53_mv2.jpg/v1/fit/w_480,h_361,q_90/48dad3_e8db178078b444b4993f15b771188a53_mv2.jpg]
[static.wixstatic.com/media/48dad3_2660faf308334c5499b3780873d47479_mv2.png/v1/fit/w_480,h_360,q_90/48dad3_2660faf308334c5499b3780873d47479_mv2.png]
[static.wixstatic.com/media/48dad3_fa8e275dabd74c568de39183a8853667_mv2.jpg/v1/fit/w_480,h_361,q_90/48dad3_fa8e275dabd74c568de39183a8853667_mv2.jpg]
[jerecodelacruz.wixsite.com/portfolio/jurassic-run.html]
[static.wixstatic.com/media/48dad3_939439036d0946d89b9c087fc2f8acfd_mv2.png/v1/fill/w_49,h_28,al_c,q_85,usm_0.66_1.00_0.01,blur_2,enc_auto/48dad3_939439036d0946d89b9c087fc2f8acfd_mv2.png]
[static.wixstatic.com/media/48dad3_629be43e87bd4132a348caa9793a3b50_mv2.png/v1/fit/w_480,h_361,q_90/48dad3_629be43e87bd4132a348caa9793a3b50_mv2.png]
[static.wixstatic.com/media/48dad3_629be43e87bd4132a348caa9793a3b50_mv2.png/v1/crop/x_280,y_0,w_720,h_720/fill/w_76,h_76,al_c,q_85,usm_0.66_1.00_0.01,enc_auto/Screenshot_20180210-221237.ff]
[static.wixstatic.com/media/48dad3_939439036d0946d89b9c087fc2f8acfd_mv2.png/v1/fit/w_480,h_360,q_90/48dad3_939439036d0946d89b9c087fc2f8acfd_mv2.png]
[static.wixstatic.com/media/48dad3_7bf365400bd14deabe446b08f290978f_mv2.png/v1/fit/w_480,h_361,q_90/48dad3_7bf365400bd14deabe446b08f290978f_mv2.png]
[static.wixstatic.com/media/48dad3_dadc9bd7093f46b6aeb5fb37f5498d84_mv2.png/v1/fit/w_480,h_361,q_90/48dad3_dadc9bd7093f46b6aeb5fb37f5498d84_mv2.png]
[jerecodelacruz.wixsite.com/portfolio/traffic-rush.html]
[static.wixstatic.com/media/48dad3_52370a934e2d4c519f5cb341e1f22cb2_mv2.png/v1/fill/w_21,h_38,al_c,q_85,usm_0.66_1.00_0.01,blur_2,enc_auto/48dad3_52370a934e2d4c519f5cb341e1f22cb2_mv2.png]
[static.wixstatic.com/media/48dad3_52370a934e2d4c519f5cb341e1f22cb2_mv2.png/v1/crop/x_0,y_197,w_506,h_506/fill/w_76,h_76,al_c,q_85,usm_0.66_1.00_0.01,enc_auto/1.png]
[static.wixstatic.com/media/48dad3_52370a934e2d4c519f5cb341e1f22cb2_mv2.png/v1/fit/w_480,h_641,q_90/48dad3_52370a934e2d4c519f5cb341e1f22cb2_mv2.png]
[static.wixstatic.com/media/48dad3_531fc60ab4934b1a91bcf067c9dc10b4_mv2.png/v1/fit/w_480,h_640,q_90/48dad3_531fc60ab4934b1a91bcf067c9dc10b4_mv2.png]
[static.wixstatic.com/media/48dad3_000cf0656ade4d738e9d64aa76276e3d_mv2.jpg/v1/fit/w_474,h_467,q_90/48dad3_000cf0656ade4d738e9d64aa76276e3d_mv2.jpg]
[static.wixstatic.com/media/48dad3_46aecaa5f2a44ac78746c7b60f00bbba_mv2.png/v1/fit/w_480,h_641,q_90/48dad3_46aecaa5f2a44ac78746c7b60f00bbba_mv2.png]
[static.wixstatic.com/media/48dad3_ad9f144198114c4f9d0a8dbfb5fc4c5f_mv2.png/v1/fit/w_480,h_640,q_90/48dad3_ad9f144198114c4f9d0a8dbfb5fc4c5f_mv2.png]
[static.wixstatic.com/media/48dad3_537992c5752f4de1aab9ea3d6e455ea8_mv2.png/v1/fit/w_480,h_641,q_90/48dad3_537992c5752f4de1aab9ea3d6e455ea8_mv2.png]
[jerecodelacruz.wixsite.com/portfolio/sounds-spelling.html]
[static.wixstatic.com/media/48dad3_51191da83c374920a7700933bba063b2_mv2.png/v1/fill/w_98,h_98,al_c,q_85,usm_0.66_1.00_0.01,blur_2,enc_auto/48dad3_51191da83c374920a7700933bba063b2_mv2.png]
[static.wixstatic.com/media/48dad3_824f7976ee484034a9cb44cc2d7d0b7b_mv2.jpg/v1/fill/w_106,h_71,al_c,q_80,usm_0.66_1.00_0.01,blur_2,enc_auto/48dad3_824f7976ee484034a9cb44cc2d7d0b7b_mv2.jpg]
[static.wixstatic.com/media/c837a6_95872ebd9e144f399cf045b105f9802b_mv2.jpg/v1/fill/w_147,h_99,al_c,q_80,usm_0.66_1.00_0.01,blur_2,enc_auto/c837a6_95872ebd9e144f399cf045b105f9802b_mv2.jpg]
[static.wixstatic.com/media/48dad3_5559d63d3bcc4307b9f86eaa7f716469_mv2.png/v1/fill/w_186,h_345,al_c,q_85,usm_0.66_1.00_0.01,blur_3,enc_auto/rick_morty_PNG43.png]
[static.wixstatic.com/media/48dad3_212dafca053040bbbd5681cee3e3cbcf_mv2.jpg/v1/fill/w_99,h_132,al_c,q_80,usm_0.66_1.00_0.01,blur_2,enc_auto/48dad3_212dafca053040bbbd5681cee3e3cbcf_mv2.jpg]
[static.wixstatic.com/media/48dad3_2ae9150dc663489693d609dd29f9067e_mv2.png/v1/fill/w_91,h_65,al_c,q_85,usm_0.66_1.00_0.01,blur_2,enc_auto/A1_POSE1_ANGLE1.png]
[jerecodelacruz.wixsite.com/portfolio/about.html]
[jerecodelacruz.wixsite.com/media/emptystate.85a4add5.html]
[jerecodelacruz.wixsite.com/sitemap.html]
[jerecodelacruz.wixsite.com/feed.html]
[jerecodelacruz.wixsite.com/${i.html]
[jerecodelacruz.wixsite.com/decodeURIComponent(e.html]
[jerecodelacruz.wixsite.com/portfolio/c.html]
[jerecodelacruz.wixsite.com/portfolio/t.html]
[jerecodelacruz.wixsite.com/portfolio/media/emptystate.85a4add5.html]
[jerecodelacruz.wixsite.com/portfolio/robots.html]
[jerecodelacruz.wixsite.com/portfolio/feed.html]
[jerecodelacruz.wixsite.com/portfolio/${i.html]
[jerecodelacruz.wixsite.com/portfolio/decodeURIComponent(e.html]
